<?xml version="1.0" encoding="UTF-8"?>
<testsuite xmlns:xsi="http://www.w3.org/2001/XMLSchema-instance" xsi:noNamespaceSchemaLocation="https://maven.apache.org/surefire/maven-surefire-plugin/xsd/surefire-test-report-3.0.xsd" version="3.0" name="com.ServerSide.PortfolioServerSide.PortfolioServerSideApplicationTests" time="24.341" tests="1" errors="0" skipped="0" failures="0">
  <properties>
[...]
</properties>
  <testcase name="contextLoads" classname="com.ServerSide.PortfolioServerSide.PortfolioServerSideApplicationTests" time="5.505">
    <system-out><![CDATA[00:22:55.136 [main] INFO org.springframework.test.context.support.AnnotationConfigContextLoaderUtils -- Could not detect default configuration classes for test class [com.ServerSide.PortfolioServerSide.PortfolioServerSideApplicationTests]: PortfolioServerSideApplicationTests does not declare any static, non-private, non-final, nested classes annotated with @Configuration.
00:22:55.425 [main] INFO org.springframework.boot.test.context.SpringBootTestContextBootstrapper -- Found @SpringBootConfiguration com.ServerSide.PortfolioServerSide.PortfolioServerSideApplication for test class com.ServerSide.PortfolioServerSide.PortfolioServerSideApplicationTests

  .   ____          _            __ _ _
 /\\ / ___'_ __ _ _(_)_ __  __ _ \ \ \ \
( ( )\___ | '_ | '_| | '_ \/ _` | \ \ \ \
 \\/  ___)| |_)| | | | | || (_| |  ) ) ) )
  '  |____| .__|_| |_|_| |_\__, | / / / /
 =========|_|==============|___/=/_/_/_/

&amp#27;[32m :: Spring Boot :: &amp#27;[39m              &amp#27;[2m (v3.3.2)&amp#27;[0;39m

&amp#27;[2m2024-08-16T00:22:56.859+05:30&amp#27;[0;39m &amp#27;[32m INFO&amp#27;[0;39m &amp#27;[35m6116&amp#27;[0;39m &amp#27;[2m---&amp#27;[0;39m &amp#27;[2m[PortfolioServerSide] [           main]&amp#27;[0;39m &amp#27;[2m&amp#27;[0;39m&amp#27;[36m.S.P.PortfolioServerSideApplicationTests&amp#27;[0;39m &amp#27;[2m:&amp#27;[0;39m Starting PortfolioServerSideApplicationTests using Java 17.0.1 with PID 6116 (started by LAPTOP-1PJ1NFHR$ in C:\Users\spj55\Downloads\PortfolioServerSide  (1)\PortfolioServerSide)
&amp#27;[2m2024-08-16T00:22:56.868+05:30&amp#27;[0;39m &amp#27;[32m INFO&amp#27;[0;39m &amp#27;[35m6116&amp#27;[0;39m &amp#27;[2m---&amp#27;[0;39m &amp#27;[2m[PortfolioServerSide] [           main]&amp#27;[0;39m &amp#27;[2m&amp#27;[0;39m&amp#27;[36m.S.P.PortfolioServerSideApplicationTests&amp#27;[0;39m &amp#27;[2m:&amp#27;[0;39m No active profile set, falling back to 1 default profile: "default"
&amp#27;[2m2024-08-16T00:22:59.276+05:30&amp#27;[0;39m &amp#27;[32m INFO&amp#27;[0;39m &amp#27;[35m6116&amp#27;[0;39m &amp#27;[2m---&amp#27;[0;39m &amp#27;[2m[PortfolioServerSide] [           main]&amp#27;[0;39m &amp#27;[2m&amp#27;[0;39m&amp#27;[36m.s.d.r.c.RepositoryConfigurationDelegate&amp#27;[0;39m &amp#27;[2m:&amp#27;[0;39m Bootstrapping Spring Data JPA repositories in DEFAULT mode.
&amp#27;[2m2024-08-16T00:22:59.452+05:30&amp#27;[0;39m &amp#27;[32m INFO&amp#27;[0;39m &amp#27;[35m6116&amp#27;[0;39m &amp#27;[2m---&amp#27;[0;39m &amp#27;[2m[PortfolioServerSide] [           main]&amp#27;[0;39m &amp#27;[2m&amp#27;[0;39m&amp#27;[36m.s.d.r.c.RepositoryConfigurationDelegate&amp#27;[0;39m &amp#27;[2m:&amp#27;[0;39m Finished Spring Data repository scanning in 156 ms. Found 5 JPA repository interfaces.
&amp#27;[2m2024-08-16T00:23:00.811+05:30&amp#27;[0;39m &amp#27;[32m INFO&amp#27;[0;39m &amp#27;[35m6116&amp#27;[0;39m &amp#27;[2m---&amp#27;[0;39m &amp#27;[2m[PortfolioServerSide] [           main]&amp#27;[0;39m &amp#27;[2m&amp#27;[0;39m&amp#27;[36mo.hibernate.jpa.internal.util.LogHelper &amp#27;[0;39m &amp#27;[2m:&amp#27;[0;39m HHH000204: Processing PersistenceUnitInfo [name: default]
&amp#27;[2m2024-08-16T00:23:01.030+05:30&amp#27;[0;39m &amp#27;[32m INFO&amp#27;[0;39m &amp#27;[35m6116&amp#27;[0;39m &amp#27;[2m---&amp#27;[0;39m &amp#27;[2m[PortfolioServerSide] [           main]&amp#27;[0;39m &amp#27;[2m&amp#27;[0;39m&amp#27;[36morg.hibernate.Version                   &amp#27;[0;39m &amp#27;[2m:&amp#27;[0;39m HHH000412: Hibernate ORM core version 6.5.2.Final
&amp#27;[2m2024-08-16T00:23:01.154+05:30&amp#27;[0;39m &amp#27;[32m INFO&amp#27;[0;39m &amp#27;[35m6116&amp#27;[0;39m &amp#27;[2m---&amp#27;[0;39m &amp#27;[2m[PortfolioServerSide] [           main]&amp#27;[0;39m &amp#27;[2m&amp#27;[0;39m&amp#27;[36mo.h.c.internal.RegionFactoryInitiator   &amp#27;[0;39m &amp#27;[2m:&amp#27;[0;39m HHH000026: Second-level cache disabled
&amp#27;[2m2024-08-16T00:23:02.381+05:30&amp#27;[0;39m &amp#27;[32m INFO&amp#27;[0;39m &amp#27;[35m6116&amp#27;[0;39m &amp#27;[2m---&amp#27;[0;39m &amp#27;[2m[PortfolioServerSide] [           main]&amp#27;[0;39m &amp#27;[2m&amp#27;[0;39m&amp#27;[36mo.s.o.j.p.SpringPersistenceUnitInfo     &amp#27;[0;39m &amp#27;[2m:&amp#27;[0;39m No LoadTimeWeaver setup: ignoring JPA class transformer
&amp#27;[2m2024-08-16T00:23:02.494+05:30&amp#27;[0;39m &amp#27;[32m INFO&amp#27;[0;39m &amp#27;[35m6116&amp#27;[0;39m &amp#27;[2m---&amp#27;[0;39m &amp#27;[2m[PortfolioServerSide] [           main]&amp#27;[0;39m &amp#27;[2m&amp#27;[0;39m&amp#27;[36mcom.zaxxer.hikari.HikariDataSource      &amp#27;[0;39m &amp#27;[2m:&amp#27;[0;39m HikariPool-1 - Starting...
&amp#27;[2m2024-08-16T00:23:03.888+05:30&amp#27;[0;39m &amp#27;[32m INFO&amp#27;[0;39m &amp#27;[35m6116&amp#27;[0;39m &amp#27;[2m---&amp#27;[0;39m &amp#27;[2m[PortfolioServerSide] [           main]&amp#27;[0;39m &amp#27;[2m&amp#27;[0;39m&amp#27;[36mcom.zaxxer.hikari.pool.HikariPool       &amp#27;[0;39m &amp#27;[2m:&amp#27;[0;39m HikariPool-1 - Added connection com.mysql.cj.jdbc.ConnectionImpl@432c0f1
&amp#27;[2m2024-08-16T00:23:03.905+05:30&amp#27;[0;39m &amp#27;[32m INFO&amp#27;[0;39m &amp#27;[35m6116&amp#27;[0;39m &amp#27;[2m---&amp#27;[0;39m &amp#27;[2m[PortfolioServerSide] [           main]&amp#27;[0;39m &amp#27;[2m&amp#27;[0;39m&amp#27;[36mcom.zaxxer.hikari.HikariDataSource      &amp#27;[0;39m &amp#27;[2m:&amp#27;[0;39m HikariPool-1 - Start completed.
&amp#27;[2m2024-08-16T00:23:04.449+05:30&amp#27;[0;39m &amp#27;[33m WARN&amp#27;[0;39m &amp#27;[35m6116&amp#27;[0;39m &amp#27;[2m---&amp#27;[0;39m &amp#27;[2m[PortfolioServerSide] [           main]&amp#27;[0;39m &amp#27;[2m&amp#27;[0;39m&amp#27;[36morg.hibernate.orm.deprecation           &amp#27;[0;39m &amp#27;[2m:&amp#27;[0;39m HHH90000025: MySQL8Dialect does not need to be specified explicitly using 'hibernate.dialect' (remove the property setting and it will be selected by default)
&amp#27;[2m2024-08-16T00:23:04.457+05:30&amp#27;[0;39m &amp#27;[33m WARN&amp#27;[0;39m &amp#27;[35m6116&amp#27;[0;39m &amp#27;[2m---&amp#27;[0;39m &amp#27;[2m[PortfolioServerSide] [           main]&amp#27;[0;39m &amp#27;[2m&amp#27;[0;39m&amp#27;[36morg.hibernate.orm.deprecation           &amp#27;[0;39m &amp#27;[2m:&amp#27;[0;39m HHH90000026: MySQL8Dialect has been deprecated; use org.hibernate.dialect.MySQLDialect instead
&amp#27;[2m2024-08-16T00:23:08.968+05:30&amp#27;[0;39m &amp#27;[32m INFO&amp#27;[0;39m &amp#27;[35m6116&amp#27;[0;39m &amp#27;[2m---&amp#27;[0;39m &amp#27;[2m[PortfolioServerSide] [           main]&amp#27;[0;39m &amp#27;[2m&amp#27;[0;39m&amp#27;[36mo.h.e.t.j.p.i.JtaPlatformInitiator      &amp#27;[0;39m &amp#27;[2m:&amp#27;[0;39m HHH000489: No JTA platform available (set 'hibernate.transaction.jta.platform' to enable JTA platform integration)
&amp#27;[2m2024-08-16T00:23:09.235+05:30&amp#27;[0;39m &amp#27;[32m INFO&amp#27;[0;39m &amp#27;[35m6116&amp#27;[0;39m &amp#27;[2m---&amp#27;[0;39m &amp#27;[2m[PortfolioServerSide] [           main]&amp#27;[0;39m &amp#27;[2m&amp#27;[0;39m&amp#27;[36mj.LocalContainerEntityManagerFactoryBean&amp#27;[0;39m &amp#27;[2m:&amp#27;[0;39m Initialized JPA EntityManagerFactory for persistence unit 'default'
&amp#27;[2m2024-08-16T00:23:10.303+05:30&amp#27;[0;39m &amp#27;[32m INFO&amp#27;[0;39m &amp#27;[35m6116&amp#27;[0;39m &amp#27;[2m---&amp#27;[0;39m &amp#27;[2m[PortfolioServerSide] [           main]&amp#27;[0;39m &amp#27;[2m&amp#27;[0;39m&amp#27;[36mo.s.d.j.r.query.QueryEnhancerFactory    &amp#27;[0;39m &amp#27;[2m:&amp#27;[0;39m Hibernate is in classpath; If applicable, HQL parser will be used.
&amp#27;[2m2024-08-16T00:23:12.117+05:30&amp#27;[0;39m &amp#27;[33m WARN&amp#27;[0;39m &amp#27;[35m6116&amp#27;[0;39m &amp#27;[2m---&amp#27;[0;39m &amp#27;[2m[PortfolioServerSide] [           main]&amp#27;[0;39m &amp#27;[2m&amp#27;[0;39m&amp#27;[36mJpaBaseConfiguration$JpaWebConfiguration&amp#27;[0;39m &amp#27;[2m:&amp#27;[0;39m spring.jpa.open-in-view is enabled by default. Therefore, database queries may be performed during view rendering. Explicitly configure spring.jpa.open-in-view to disable this warning
&amp#27;[2m2024-08-16T00:23:13.263+05:30&amp#27;[0;39m &amp#27;[32m INFO&amp#27;[0;39m &amp#27;[35m6116&amp#27;[0;39m &amp#27;[2m---&amp#27;[0;39m &amp#27;[2m[PortfolioServerSide] [           main]&amp#27;[0;39m &amp#27;[2m&amp#27;[0;39m&amp#27;[36m.S.P.PortfolioServerSideApplicationTests&amp#27;[0;39m &amp#27;[2m:&amp#27;[0;39m Started PortfolioServerSideApplicationTests in 17.352 seconds (process running for 20.572)
]]></system-out>
  </testcase>
</testsuite>